-------------------------------------------------------------------------------
Test set: TestSuite
-------------------------------------------------------------------------------
Tests run: 4, Failures: 2, Errors: 0, Skipped: 0, Time elapsed: 53.785 s <<< FAILURE! - in TestSuite
closeBroweser(testScript.Test1)  Time elapsed: 10.951 s  <<< FAILURE!
org.testng.TestNGException: 

Can inject only one of <ITestContext, XmlTest, Method, Object[], ITestResult> into a @AfterMethod annotated closeBroweser.
For more information on native dependency injection please refer to http://testng.org/doc/documentation-main.html#native-dependency-injection

closeBroweser(testScript.Test2)  Time elapsed: 26.261 s  <<< FAILURE!
org.testng.TestNGException: 

Can inject only one of <ITestContext, XmlTest, Method, Object[], ITestResult> into a @AfterMethod annotated closeBroweser.
For more information on native dependency injection please refer to http://testng.org/doc/documentation-main.html#native-dependency-injection

